<?xml version="1.0" encoding="UTF-8"?>
<testsuite name="com.maiconpeixinho.HelloControllerTest" tests="1" skipped="0" failures="0" errors="0" timestamp="2021-01-12T13:19:42" hostname="MacJDBR02" time="0.485">
  <properties/>
  <testcase name="testGreetingService()" classname="com.maiconpeixinho.HelloControllerTest" time="0.485"/>
  <system-out><![CDATA[?[36m11:19:41.515?[0;39m ?[1;30m[Test worker]?[0;39m ?[34mINFO ?[0;39m ?[35mi.m.context.env.DefaultEnvironment?[0;39m - Established active environments: [test]
]]></system-out>
  <system-err><![CDATA[]]></system-err>
</testsuite>
